2024-05-15 11:36:42.827 +07:00  INF  User profile is available. Using 'C:\Users\PC\AppData\Local\ASP.NET\DataProtection-Keys' as key repository and Windows DPAPI to encrypt keys at rest.
2024-05-15 11:36:42.976 +07:00  INF  Creating key {d66fbf8d-084d-4718-a6b5-9e22a8cfd860} with creation date 2024-05-15 04:36:42Z, activation date 2024-05-15 04:36:42Z, and expiration date 2024-08-13 04:36:42Z.
2024-05-15 11:36:43.052 +07:00  INF  Writing data to file 'C:\Users\PC\AppData\Local\ASP.NET\DataProtection-Keys\key-d66fbf8d-084d-4718-a6b5-9e22a8cfd860.xml'.
2024-05-15 11:36:43.991 +07:00  INF  Now listening on: https://localhost:7102
2024-05-15 11:36:43.991 +07:00  INF  Now listening on: http://localhost:5208
2024-05-15 11:36:43.995 +07:00  INF  Application started. Press Ctrl+C to shut down.
2024-05-15 11:36:43.995 +07:00  INF  Hosting environment: Development
2024-05-15 11:36:43.995 +07:00  INF  Content root path: D:\Nhom6_QuanLyKhachSan\Source code\API\
2024-05-15 11:40:09.961 +07:00  INF  Application is shutting down...
2024-05-15 11:40:14.339 +07:00  INF  User profile is available. Using 'C:\Users\PC\AppData\Local\ASP.NET\DataProtection-Keys' as key repository and Windows DPAPI to encrypt keys at rest.
2024-05-15 11:40:14.487 +07:00  INF  Now listening on: https://localhost:7102
2024-05-15 11:40:14.487 +07:00  INF  Now listening on: http://localhost:5208
2024-05-15 11:40:14.491 +07:00  INF  Application started. Press Ctrl+C to shut down.
2024-05-15 11:40:14.491 +07:00  INF  Hosting environment: Development
2024-05-15 11:40:14.491 +07:00  INF  Content root path: D:\Nhom6_QuanLyKhachSan\Source code\API\
2024-05-15 11:41:05.578 +07:00  INF  Application is shutting down...
2024-05-15 11:44:23.026 +07:00  INF  User profile is available. Using 'C:\Users\PC\AppData\Local\ASP.NET\DataProtection-Keys' as key repository and Windows DPAPI to encrypt keys at rest.
2024-05-15 11:44:23.187 +07:00  INF  Now listening on: https://localhost:7102
2024-05-15 11:44:23.187 +07:00  INF  Now listening on: http://localhost:5208
2024-05-15 11:44:23.191 +07:00  INF  Application started. Press Ctrl+C to shut down.
2024-05-15 11:44:23.191 +07:00  INF  Hosting environment: Development
2024-05-15 11:44:23.191 +07:00  INF  Content root path: D:\Nhom6_QuanLyKhachSan\Source code\API\
2024-05-15 11:44:42.200 +07:00  INF  Application is shutting down...
2024-05-15 11:44:59.446 +07:00  INF  User profile is available. Using 'C:\Users\PC\AppData\Local\ASP.NET\DataProtection-Keys' as key repository and Windows DPAPI to encrypt keys at rest.
2024-05-15 11:44:59.702 +07:00  INF  Now listening on: https://localhost:7102
2024-05-15 11:44:59.702 +07:00  INF  Now listening on: http://localhost:5208
2024-05-15 11:44:59.705 +07:00  INF  Application started. Press Ctrl+C to shut down.
2024-05-15 11:44:59.706 +07:00  INF  Hosting environment: Development
2024-05-15 11:44:59.706 +07:00  INF  Content root path: D:\Nhom6_QuanLyKhachSan\Source code\API\
2024-05-15 11:46:19.740 +07:00  INF  Application is shutting down...
2024-05-15 11:46:24.162 +07:00  INF  User profile is available. Using 'C:\Users\PC\AppData\Local\ASP.NET\DataProtection-Keys' as key repository and Windows DPAPI to encrypt keys at rest.
2024-05-15 11:46:24.300 +07:00  INF  Now listening on: https://localhost:7102
2024-05-15 11:46:24.300 +07:00  INF  Now listening on: http://localhost:5208
2024-05-15 11:46:24.304 +07:00  INF  Application started. Press Ctrl+C to shut down.
2024-05-15 11:46:24.304 +07:00  INF  Hosting environment: Development
2024-05-15 11:46:24.304 +07:00  INF  Content root path: D:\Nhom6_QuanLyKhachSan\Source code\API\
2024-05-15 11:48:38.707 +07:00  INF  Application is shutting down...
2024-05-15 11:49:11.876 +07:00  INF  User profile is available. Using 'C:\Users\PC\AppData\Local\ASP.NET\DataProtection-Keys' as key repository and Windows DPAPI to encrypt keys at rest.
2024-05-15 11:49:12.020 +07:00  INF  Now listening on: https://localhost:7102
2024-05-15 11:49:12.020 +07:00  INF  Now listening on: http://localhost:5208
2024-05-15 11:49:12.024 +07:00  INF  Application started. Press Ctrl+C to shut down.
2024-05-15 11:49:12.025 +07:00  INF  Hosting environment: Development
2024-05-15 11:49:12.025 +07:00  INF  Content root path: D:\Nhom6_QuanLyKhachSan\Source code\API\
2024-05-15 11:51:18.474 +07:00  INF  Application is shutting down...
2024-05-15 11:51:50.736 +07:00  INF  User profile is available. Using 'C:\Users\PC\AppData\Local\ASP.NET\DataProtection-Keys' as key repository and Windows DPAPI to encrypt keys at rest.
2024-05-15 11:51:50.907 +07:00  INF  Now listening on: https://localhost:7102
2024-05-15 11:51:50.907 +07:00  INF  Now listening on: http://localhost:5208
2024-05-15 11:51:50.910 +07:00  INF  Application started. Press Ctrl+C to shut down.
2024-05-15 11:51:50.911 +07:00  INF  Hosting environment: Development
2024-05-15 11:51:50.911 +07:00  INF  Content root path: D:\Nhom6_QuanLyKhachSan\Source code\API\
2024-05-15 11:52:25.470 +07:00  INF  Application is shutting down...
2024-05-15 11:52:41.977 +07:00  INF  User profile is available. Using 'C:\Users\PC\AppData\Local\ASP.NET\DataProtection-Keys' as key repository and Windows DPAPI to encrypt keys at rest.
2024-05-15 11:52:42.112 +07:00  INF  Now listening on: https://localhost:7102
2024-05-15 11:52:42.112 +07:00  INF  Now listening on: http://localhost:5208
2024-05-15 11:52:42.116 +07:00  INF  Application started. Press Ctrl+C to shut down.
2024-05-15 11:52:42.116 +07:00  INF  Hosting environment: Development
2024-05-15 11:52:42.116 +07:00  INF  Content root path: D:\Nhom6_QuanLyKhachSan\Source code\API\
2024-05-15 11:58:42.383 +07:00  INF  Application is shutting down...
2024-05-15 11:58:46.600 +07:00  INF  User profile is available. Using 'C:\Users\PC\AppData\Local\ASP.NET\DataProtection-Keys' as key repository and Windows DPAPI to encrypt keys at rest.
2024-05-15 11:58:46.731 +07:00  INF  Now listening on: https://localhost:7102
2024-05-15 11:58:46.731 +07:00  INF  Now listening on: http://localhost:5208
2024-05-15 11:58:46.734 +07:00  INF  Application started. Press Ctrl+C to shut down.
2024-05-15 11:58:46.736 +07:00  INF  Hosting environment: Development
2024-05-15 11:58:46.736 +07:00  INF  Content root path: D:\Nhom6_QuanLyKhachSan\Source code\API\
2024-05-15 11:59:02.774 +07:00  INF  Request starting HTTP/2 GET https://localhost:7102/ - -
2024-05-15 11:59:03.702 +07:00  INF  Request finished HTTP/2 GET https://localhost:7102/ - - - 404 0 - 936.1194ms
2024-05-15 11:59:06.447 +07:00  INF  Request starting HTTP/2 GET https://localhost:7102/ - -
2024-05-15 11:59:06.453 +07:00  INF  Request finished HTTP/2 GET https://localhost:7102/ - - - 404 0 - 5.5663ms
2024-05-15 11:59:08.895 +07:00  INF  Request starting HTTP/2 GET https://localhost:7102/ - -
2024-05-15 11:59:08.904 +07:00  INF  Request finished HTTP/2 GET https://localhost:7102/ - - - 404 0 - 9.0532ms
2024-05-15 11:59:09.283 +07:00  INF  Request starting HTTP/2 GET https://localhost:7102/ - -
2024-05-15 11:59:09.284 +07:00  INF  Request finished HTTP/2 GET https://localhost:7102/ - - - 404 0 - 0.8572ms
2024-05-15 11:59:10.091 +07:00  INF  Request starting HTTP/2 GET https://localhost:7102/ - -
2024-05-15 11:59:10.092 +07:00  INF  Request finished HTTP/2 GET https://localhost:7102/ - - - 404 0 - 0.6826ms
2024-05-15 11:59:10.824 +07:00  INF  Request starting HTTP/2 GET https://localhost:7102/ - -
2024-05-15 11:59:10.825 +07:00  INF  Request finished HTTP/2 GET https://localhost:7102/ - - - 404 0 - 1.0828ms
2024-05-15 11:59:11.205 +07:00  INF  Request starting HTTP/2 GET https://localhost:7102/ - -
2024-05-15 11:59:11.206 +07:00  INF  Request finished HTTP/2 GET https://localhost:7102/ - - - 404 0 - 0.7714ms
2024-05-15 11:59:17.009 +07:00  INF  Request starting HTTP/2 GET https://localhost:7102/swagger - -
2024-05-15 11:59:17.011 +07:00  INF  Request finished HTTP/2 GET https://localhost:7102/swagger - - - 301 0 - 1.8084ms
2024-05-15 11:59:17.023 +07:00  INF  Request starting HTTP/2 GET https://localhost:7102/swagger/index.html - -
2024-05-15 11:59:17.380 +07:00  INF  Request finished HTTP/2 GET https://localhost:7102/swagger/index.html - - - 200 - text/html;charset=utf-8 356.9427ms
2024-05-15 11:59:17.449 +07:00  INF  Request starting HTTP/2 GET https://localhost:7102/swagger/swagger-ui.css - -
2024-05-15 11:59:17.453 +07:00  INF  Request starting HTTP/2 GET https://localhost:7102/swagger/swagger-ui-bundle.js - -
2024-05-15 11:59:17.453 +07:00  INF  Request starting HTTP/2 GET https://localhost:7102/swagger/swagger-ui-standalone-preset.js - -
2024-05-15 11:59:17.484 +07:00  INF  Sending file. Request path: '/swagger-ui.css'. Physical path: 'N/A'
2024-05-15 11:59:17.489 +07:00  INF  Request finished HTTP/2 GET https://localhost:7102/swagger/swagger-ui.css - - - 200 144929 text/css 39.5004ms
2024-05-15 11:59:17.489 +07:00  INF  Sending file. Request path: '/swagger-ui-standalone-preset.js'. Physical path: 'N/A'
2024-05-15 11:59:17.491 +07:00  INF  Request finished HTTP/2 GET https://localhost:7102/swagger/swagger-ui-standalone-preset.js - - - 200 312163 application/javascript 37.1075ms
2024-05-15 11:59:17.505 +07:00  INF  Sending file. Request path: '/swagger-ui-bundle.js'. Physical path: 'N/A'
2024-05-15 11:59:17.505 +07:00  INF  Request finished HTTP/2 GET https://localhost:7102/swagger/swagger-ui-bundle.js - - - 200 1061536 application/javascript 52.0538ms
2024-05-15 11:59:17.918 +07:00  INF  Request starting HTTP/2 GET https://localhost:7102/swagger/favicon-32x32.png - -
2024-05-15 11:59:17.919 +07:00  INF  Sending file. Request path: '/favicon-32x32.png'. Physical path: 'N/A'
2024-05-15 11:59:17.919 +07:00  INF  Request finished HTTP/2 GET https://localhost:7102/swagger/favicon-32x32.png - - - 200 628 image/png 0.4934ms
2024-05-15 11:59:17.987 +07:00  INF  Request starting HTTP/2 GET https://localhost:7102/swagger/v1/swagger.json - -
2024-05-15 11:59:18.094 +07:00  INF  Request starting HTTP/2 GET https://localhost:7102/swagger/favicon-32x32.png - -
2024-05-15 11:59:18.094 +07:00  INF  Sending file. Request path: '/favicon-32x32.png'. Physical path: 'N/A'
2024-05-15 11:59:18.094 +07:00  INF  Request finished HTTP/2 GET https://localhost:7102/swagger/favicon-32x32.png - - - 200 628 image/png 0.4687ms
2024-05-15 11:59:18.268 +07:00  INF  Request finished HTTP/2 GET https://localhost:7102/swagger/v1/swagger.json - - - 200 - application/json;charset=utf-8 281.6772ms
2024-05-15 12:02:55.621 +07:00  INF  Request starting HTTP/2 POST https://localhost:7102/api/AuthManagement/Register application/json 192
2024-05-15 12:02:55.631 +07:00  INF  CORS policy execution successful.
2024-05-15 12:02:55.638 +07:00  INF  Executing endpoint 'HotelManagementAPI.Controllers.AuthManagementController.Register (HotelManagementAPI)'
2024-05-15 12:02:55.738 +07:00  INF  Route matched with {action = "Register", controller = "AuthManagement"}. Executing controller action with signature System.Threading.Tasks.Task`1[Microsoft.AspNetCore.Mvc.IActionResult] Register(HotelManagementAPI.DTO.Request.UserRegistrationDto) on controller HotelManagementAPI.Controllers.AuthManagementController (HotelManagementAPI).
2024-05-15 12:03:04.211 +07:00  INF  Executed DbCommand (267ms) [Parameters=[@__CCCD_0='?' (Size = 12) (DbType = AnsiStringFixedLength)], CommandType='"Text"', CommandTimeout='30']
SELECT TOP(1) [n].[MaNV], [n].[CCCD], [n].[DiaChi], [n].[GioiTinh], [n].[HoTen], [n].[MatKhau], [n].[NgaySinh], [n].[QuanLy], [n].[SDT]
FROM [NhanVien] AS [n]
WHERE [n].[CCCD] = @__CCCD_0
2024-05-15 12:03:04.284 +07:00  INF  Executed DbCommand (6ms) [Parameters=[@__sdt_0='?' (Size = 10) (DbType = AnsiStringFixedLength)], CommandType='"Text"', CommandTimeout='30']
SELECT TOP(1) [n].[MaNV], [n].[CCCD], [n].[DiaChi], [n].[GioiTinh], [n].[HoTen], [n].[MatKhau], [n].[NgaySinh], [n].[QuanLy], [n].[SDT]
FROM [NhanVien] AS [n]
WHERE [n].[SDT] = @__sdt_0
2024-05-15 12:03:04.296 +07:00  INF  Executed DbCommand (1ms) [Parameters=[@__sdt_0='?' (Size = 10) (DbType = AnsiStringFixedLength)], CommandType='"Text"', CommandTimeout='30']
SELECT TOP(1) [n].[MaNV], [n].[CCCD], [n].[DiaChi], [n].[GioiTinh], [n].[HoTen], [n].[MatKhau], [n].[NgaySinh], [n].[QuanLy], [n].[SDT]
FROM [NhanVien] AS [n]
WHERE [n].[SDT] = @__sdt_0
2024-05-15 12:03:04.309 +07:00  INF  Executed DbCommand (4ms) [Parameters=[@__cccd_0='?' (Size = 12) (DbType = AnsiStringFixedLength)], CommandType='"Text"', CommandTimeout='30']
SELECT TOP(1) [n].[MaNV], [n].[CCCD], [n].[DiaChi], [n].[GioiTinh], [n].[HoTen], [n].[MatKhau], [n].[NgaySinh], [n].[QuanLy], [n].[SDT]
FROM [NhanVien] AS [n]
WHERE [n].[CCCD] = @__cccd_0
2024-05-15 12:03:04.848 +07:00  INF  Executed DbCommand (19ms) [Parameters=[@p0='?' (Size = 12) (DbType = AnsiStringFixedLength), @p1='?' (Size = 100), @p2='?' (Size = 3), @p3='?' (Size = 100), @p4='?' (Size = 32) (DbType = Binary), @p5='?' (DbType = DateTime), @p6='?' (DbType = Boolean), @p7='?' (Size = 10) (DbType = AnsiStringFixedLength)], CommandType='"Text"', CommandTimeout='30']
SET IMPLICIT_TRANSACTIONS OFF;
SET NOCOUNT ON;
INSERT INTO [NhanVien] ([CCCD], [DiaChi], [GioiTinh], [HoTen], [MatKhau], [NgaySinh], [QuanLy], [SDT])
OUTPUT INSERTED.[MaNV]
VALUES (@p0, @p1, @p2, @p3, @p4, @p5, @p6, @p7);
2024-05-15 12:03:06.121 +07:00  INF  Executing OkObjectResult, writing value of type 'HotelManagementAPI.DTO.Respone.RegistrationRespone'.
2024-05-15 12:03:06.157 +07:00  INF  Executed action HotelManagementAPI.Controllers.AuthManagementController.Register (HotelManagementAPI) in 10404.4937ms
2024-05-15 12:03:06.158 +07:00  INF  Executed endpoint 'HotelManagementAPI.Controllers.AuthManagementController.Register (HotelManagementAPI)'
2024-05-15 12:03:06.174 +07:00  INF  Request finished HTTP/2 POST https://localhost:7102/api/AuthManagement/Register application/json 192 - 200 - application/json;+charset=utf-8 10552.3163ms
2024-05-15 12:03:34.276 +07:00  INF  Request starting HTTP/2 GET https://localhost:7102/api/AuthManagement/my - -
2024-05-15 12:03:34.381 +07:00  INF  Executing endpoint 'HotelManagementAPI.Controllers.AuthManagementController.GetMyCurrentUser (HotelManagementAPI)'
2024-05-15 12:03:34.386 +07:00  INF  Route matched with {action = "GetMyCurrentUser", controller = "AuthManagement"}. Executing controller action with signature System.Threading.Tasks.Task`1[Microsoft.AspNetCore.Mvc.ActionResult`1[HotelManagementAPI.DTO.Respone.NhanVienResponeDto]] GetMyCurrentUser() on controller HotelManagementAPI.Controllers.AuthManagementController (HotelManagementAPI).
2024-05-15 12:03:34.476 +07:00  INF  Executed DbCommand (6ms) [Parameters=[@__CCCD_0='?' (Size = 12) (DbType = AnsiStringFixedLength)], CommandType='"Text"', CommandTimeout='30']
SELECT TOP(1) [n].[MaNV], [n].[CCCD], [n].[DiaChi], [n].[GioiTinh], [n].[HoTen], [n].[MatKhau], [n].[NgaySinh], [n].[QuanLy], [n].[SDT]
FROM [NhanVien] AS [n]
WHERE [n].[CCCD] = @__CCCD_0
2024-05-15 12:03:34.507 +07:00  INF  Executing OkObjectResult, writing value of type 'HotelManagementAPI.DTO.Result.Result'.
2024-05-15 12:03:34.514 +07:00  INF  Executed action HotelManagementAPI.Controllers.AuthManagementController.GetMyCurrentUser (HotelManagementAPI) in 127.8161ms
2024-05-15 12:03:34.514 +07:00  INF  Executed endpoint 'HotelManagementAPI.Controllers.AuthManagementController.GetMyCurrentUser (HotelManagementAPI)'
2024-05-15 12:03:34.514 +07:00  INF  Request finished HTTP/2 GET https://localhost:7102/api/AuthManagement/my - - - 200 - application/json;+charset=utf-8 238.2031ms
2024-05-15 12:03:49.198 +07:00  INF  Request starting HTTP/2 GET https://localhost:7102/api/DichVus - -
2024-05-15 12:03:49.200 +07:00  INF  Executing endpoint 'HotelManagementAPI.Controllers.DichVusController.GetDichVus (HotelManagementAPI)'
2024-05-15 12:03:49.204 +07:00  INF  Route matched with {action = "GetDichVus", controller = "DichVus"}. Executing controller action with signature System.Threading.Tasks.Task`1[Microsoft.AspNetCore.Mvc.ActionResult`1[System.Collections.Generic.IEnumerable`1[HotelManagementAPI.DTO.Respone.DichVuResponeDto]]] GetDichVus() on controller HotelManagementAPI.Controllers.DichVusController (HotelManagementAPI).
2024-05-15 12:03:49.258 +07:00  INF  Executed DbCommand (18ms) [Parameters=[], CommandType='"Text"', CommandTimeout='30']
SELECT [d].[MaDV], [d].[Gia], [d].[TenDV], [d].[TrangThai]
FROM [DichVu] AS [d]
2024-05-15 12:03:49.309 +07:00  INF  Executing OkObjectResult, writing value of type 'HotelManagementAPI.DTO.Result.Result'.
2024-05-15 12:03:49.325 +07:00  INF  Executed action HotelManagementAPI.Controllers.DichVusController.GetDichVus (HotelManagementAPI) in 120.8736ms
2024-05-15 12:03:49.325 +07:00  INF  Executed endpoint 'HotelManagementAPI.Controllers.DichVusController.GetDichVus (HotelManagementAPI)'
2024-05-15 12:03:49.325 +07:00  INF  Request finished HTTP/2 GET https://localhost:7102/api/DichVus - - - 200 - application/json;+charset=utf-8 127.5491ms
2024-05-15 12:04:38.669 +07:00  INF  Application is shutting down...
